<?xml version="1.0" encoding="UTF-8"?>
<!-- Generated by org.testng.reporters.JUnitReportReporter -->
<testsuite hostname="Ajay" failures="0" tests="1" name="ToolsQA.qa.Testcases.WidgetsTabTest" time="6.750" errors="0" timestamp="2024-08-11T12:25:55 IST" skipped="0">
  <testcase classname="ToolsQA.qa.Testcases.WidgetsTabTest" name="verifyToSelectFromStandardMultiSelect" time="6.750"/>
</testsuite> <!-- ToolsQA.qa.Testcases.WidgetsTabTest -->
