<?xml version="1.0" encoding="UTF-8"?>
<!-- Generated by org.testng.reporters.JUnitReportReporter -->
<testsuite hostname="Ajay" failures="0" tests="1" name="ToolsQA.qa.Testcases.InteractionsTest" time="13.956" errors="0" timestamp="2024-08-14T18:24:44 IST" skipped="0">
  <testcase classname="ToolsQA.qa.Testcases.InteractionsTest" name="verifyToClickOnPreventPropagation" time="13.956"/>
</testsuite> <!-- ToolsQA.qa.Testcases.InteractionsTest -->
